<?xml version="1.0" encoding="UTF-8"?>
<!-- Generated by org.testng.reporters.JUnitXMLReporter -->
<testsuite ignored="2" hostname="DESKTOP-AMSJ8TE" failures="1" tests="5" name="Car Loan" time="0.07" errors="0" timestamp="2024-01-26T10:44:05 IST">
  <testcase classname="test.day3" name="MobileLoginLoan" time="0.003"/>
  <testcase classname="test.day3" name="Mobilesignoutcarloan" time="0.004"/>
  <testcase classname="test.day3" name="Mobilesignoutcarloan" time="0.002"/>
  <testcase classname="test.day3" name="Mobilesignoutcarloan" time="0.006"/>
  <testcase classname="test.day3" name="Weblogincarloan" time="0.0">
    <failure type="org.testng.TestNGException" message="
Parameter &amp;apos;APIKey/usrname&amp;apos; is required by @Test on method Weblogincarloan but has not been marked @Optional or defined
in C:\Users\madhu\eclipse\java-2023-09\eclipse\TestNGTU\testng.xml">
      <![CDATA[org.testng.TestNGException: 
Parameter 'APIKey/usrname' is required by @Test on method Weblogincarloan but has not been marked @Optional or defined
in C:\Users\madhu\eclipse\java-2023-09\eclipse\TestNGTU\testng.xml
at java.base/java.util.ArrayList.forEach(ArrayList.java:1511)
... Removed 26 stack frames]]>
    </failure>
  </testcase> <!-- Weblogincarloan -->
  <testcase classname="test.day3" name="APIcarloan" time="0.0">
    <ignored/>
  </testcase> <!-- APIcarloan -->
  <testcase classname="test.day3" name="Mobilesigncarloan" time="0.0">
    <ignored/>
  </testcase> <!-- Mobilesigncarloan -->
</testsuite> <!-- Car Loan -->
