<?xml version="1.0" encoding="UTF-8"?>
<!-- Generated by org.testng.reporters.JUnitXMLReporter -->
<testsuite ignored="1" hostname="DESKTOP-AMSJ8TE" failures="1" tests="11" name="Test" time="0.414" errors="0" timestamp="2024-03-12T09:54:22 IST">
  <testcase classname="test.day3" name="MobileLoginLoan" time="0.016"/>
  <testcase classname="test.day3" name="Mobilesignoutcarloan" time="0.006"/>
  <testcase classname="test.day3" name="Mobilesignoutcarloan" time="0.044"/>
  <testcase classname="test.day3" name="Mobilesignoutcarloan" time="0.009"/>
  <testcase classname="test.day3" name="APIcarloan" time="0.003"/>
  <testcase classname="test.day2" name="ploan" time="0.006"/>
  <testcase classname="test.day4" name="LoginAPIHomeloan" time="0.004"/>
  <testcase classname="test.day4" name="MobileLoginHomeLoan" time="0.026"/>
  <testcase classname="test.day1" name="Demo" time="0.009">
    <failure type="java.lang.AssertionError">
      <![CDATA[java.lang.AssertionError: 
at test.day1.Demo(day1.java:23)
at java.base/java.util.ArrayList.forEach(ArrayList.java:1511)
... Removed 30 stack frames]]>
    </failure>
  </testcase> <!-- Demo -->
  <testcase classname="test.day1" name="SecondTest" time="0.007"/>
  <testcase classname="test.day1" name="afsuite" time="0.002"/>
  <testcase classname="test.day3" name="Mobilesigncarloan" time="0.0">
    <ignored/>
  </testcase> <!-- Mobilesigncarloan -->
</testsuite> <!-- Test -->
